TN:
SF:src\app.js
FN:72,(anonymous_0)
FN:77,(anonymous_1)
FN:86,(anonymous_2)
FNF:3
FNH:2
FNDA:3,(anonymous_0)
FNDA:0,(anonymous_1)
FNDA:1,(anonymous_2)
DA:1,2
DA:2,2
DA:3,2
DA:4,2
DA:5,2
DA:6,2
DA:7,2
DA:8,2
DA:9,2
DA:12,2
DA:23,2
DA:33,2
DA:34,2
DA:35,2
DA:36,2
DA:37,2
DA:38,2
DA:39,2
DA:41,2
DA:44,2
DA:45,2
DA:46,2
DA:47,2
DA:48,2
DA:49,2
DA:50,2
DA:52,2
DA:53,0
DA:57,2
DA:60,2
DA:63,2
DA:64,2
DA:65,2
DA:66,2
DA:67,2
DA:68,2
DA:69,2
DA:72,2
DA:73,3
DA:77,2
DA:78,0
DA:86,2
DA:87,1
DA:94,2
DA:96,2
LF:45
LH:43
BRDA:52,0,0,0
BRDA:52,0,1,2
BRF:2
BRH:1
end_of_record
TN:
SF:src\config\db.postgres.js
FNF:0
FNH:0
DA:1,4
DA:2,4
DA:4,4
DA:21,4
LF:4
LH:4
BRDA:6,0,0,0
BRDA:6,0,1,4
BRF:2
BRH:1
end_of_record
TN:
SF:src\config\index.js
FNF:0
FNH:0
DA:1,7
DA:2,7
DA:4,7
DA:6,7
LF:4
LH:4
BRDA:7,0,0,7
BRDA:7,0,1,0
BRDA:8,1,0,7
BRDA:8,1,1,0
BRDA:17,2,0,7
BRDA:17,2,1,0
BRDA:18,3,0,7
BRDA:18,3,1,0
BRDA:32,4,0,7
BRDA:32,4,1,0
BRDA:35,5,0,7
BRDA:35,5,1,0
BRDA:40,6,0,7
BRDA:40,6,1,0
BRF:14
BRH:7
end_of_record
TN:
SF:src\config\metrics.js
FN:91,(anonymous_0)
FN:96,(anonymous_1)
FN:100,(anonymous_2)
FN:105,(anonymous_3)
FN:110,(anonymous_4)
FN:114,(anonymous_5)
FN:119,(anonymous_6)
FN:124,(anonymous_7)
FN:132,(anonymous_8)
FNF:9
FNH:3
FNDA:19,(anonymous_0)
FNDA:19,(anonymous_1)
FNDA:19,(anonymous_2)
FNDA:0,(anonymous_3)
FNDA:0,(anonymous_4)
FNDA:0,(anonymous_5)
FNDA:0,(anonymous_6)
FNDA:0,(anonymous_7)
FNDA:0,(anonymous_8)
DA:1,2
DA:2,2
DA:5,2
DA:8,2
DA:13,2
DA:21,2
DA:28,2
DA:34,2
DA:42,2
DA:48,2
DA:55,2
DA:62,2
DA:68,2
DA:76,2
DA:77,2
DA:78,2
DA:79,2
DA:80,2
DA:81,2
DA:82,2
DA:83,2
DA:84,2
DA:87,2
DA:92,19
DA:93,19
DA:97,19
DA:101,19
DA:106,0
DA:111,0
DA:115,0
DA:120,0
DA:125,0
DA:126,0
DA:127,0
DA:133,0
DA:137,2
LF:36
LH:28
BRDA:110,0,0,0
BRDA:114,1,0,0
BRDA:126,2,0,0
BRDA:126,2,1,0
BRF:4
BRH:0
end_of_record
TN:
SF:src\config\redis.js
FN:5,(anonymous_0)
FN:10,(anonymous_1)
FN:18,(anonymous_2)
FN:29,(anonymous_3)
FN:34,(anonymous_4)
FN:39,(anonymous_5)
FN:57,(anonymous_6)
FN:77,(anonymous_7)
FN:94,(anonymous_8)
FN:111,(anonymous_9)
FN:131,(anonymous_10)
FN:149,(anonymous_11)
FNF:12
FNH:1
FNDA:2,(anonymous_0)
FNDA:0,(anonymous_1)
FNDA:0,(anonymous_2)
FNDA:0,(anonymous_3)
FNDA:0,(anonymous_4)
FNDA:0,(anonymous_5)
FNDA:0,(anonymous_6)
FNDA:0,(anonymous_7)
FNDA:0,(anonymous_8)
FNDA:0,(anonymous_9)
FNDA:0,(anonymous_10)
FNDA:0,(anonymous_11)
DA:1,2
DA:2,2
DA:6,2
DA:7,2
DA:11,0
DA:13,0
DA:15,0
DA:19,0
DA:20,0
DA:21,0
DA:23,0
DA:29,0
DA:30,0
DA:31,0
DA:34,0
DA:35,0
DA:36,0
DA:39,0
DA:40,0
DA:41,0
DA:44,0
DA:45,0
DA:47,0
DA:48,0
DA:49,0
DA:50,0
DA:58,0
DA:59,0
DA:62,0
DA:63,0
DA:64,0
DA:66,0
DA:67,0
DA:78,0
DA:79,0
DA:82,0
DA:83,0
DA:84,0
DA:86,0
DA:87,0
DA:95,0
DA:96,0
DA:99,0
DA:100,0
DA:101,0
DA:103,0
DA:104,0
DA:112,0
DA:113,0
DA:116,0
DA:117,0
DA:118,0
DA:119,0
DA:121,0
DA:123,0
DA:124,0
DA:132,0
DA:133,0
DA:136,0
DA:137,0
DA:138,0
DA:139,0
DA:141,0
DA:142,0
DA:150,0
DA:151,0
DA:152,0
DA:153,0
DA:159,2
LF:69
LH:5
BRDA:13,0,0,0
BRDA:13,0,1,0
BRDA:19,1,0,0
BRDA:19,1,1,0
BRDA:58,2,0,0
BRDA:58,2,1,0
BRDA:58,3,0,0
BRDA:58,3,1,0
BRDA:64,4,0,0
BRDA:64,4,1,0
BRDA:77,5,0,0
BRDA:78,6,0,0
BRDA:78,6,1,0
BRDA:78,7,0,0
BRDA:78,7,1,0
BRDA:95,8,0,0
BRDA:95,8,1,0
BRDA:95,9,0,0
BRDA:95,9,1,0
BRDA:112,10,0,0
BRDA:112,10,1,0
BRDA:112,11,0,0
BRDA:112,11,1,0
BRDA:118,12,0,0
BRDA:118,12,1,0
BRDA:132,13,0,0
BRDA:132,13,1,0
BRDA:132,14,0,0
BRDA:132,14,1,0
BRDA:150,15,0,0
BRDA:150,15,1,0
BRF:31
BRH:0
end_of_record
TN:
SF:src\config\swagger.js
FNF:0
FNH:0
DA:1,2
DA:2,2
DA:3,2
DA:5,2
DA:40,2
DA:42,2
LF:6
LH:6
BRF:0
BRH:0
end_of_record
TN:
SF:src\controllers\analysisController.js
FN:7,(anonymous_0)
FN:16,(anonymous_1)
FN:26,(anonymous_2)
FN:96,(anonymous_3)
FN:192,(anonymous_4)
FN:201,(anonymous_5)
FN:210,(anonymous_6)
FNF:7
FNH:2
FNDA:0,(anonymous_0)
FNDA:1,(anonymous_1)
FNDA:1,(anonymous_2)
FNDA:0,(anonymous_3)
FNDA:0,(anonymous_4)
FNDA:0,(anonymous_5)
FNDA:0,(anonymous_6)
DA:1,2
DA:2,2
DA:3,2
DA:4,2
DA:8,0
DA:9,0
DA:10,0
DA:12,0
DA:17,1
DA:18,1
DA:19,1
DA:21,0
DA:27,1
DA:29,1
DA:30,0
DA:34,1
DA:37,1
DA:38,1
DA:43,1
DA:44,1
DA:52,1
DA:53,1
DA:55,1
DA:63,1
DA:64,1
DA:66,0
DA:71,1
DA:80,1
DA:91,0
DA:97,0
DA:99,0
DA:100,0
DA:104,0
DA:105,0
DA:111,0
DA:112,0
DA:123,0
DA:124,0
DA:126,0
DA:127,0
DA:129,0
DA:132,0
DA:141,0
DA:142,0
DA:148,0
DA:151,0
DA:162,0
DA:163,0
DA:165,0
DA:166,0
DA:168,0
DA:171,0
DA:181,0
DA:188,0
DA:193,0
DA:194,0
DA:195,0
DA:197,0
DA:202,0
DA:203,0
DA:204,0
DA:206,0
DA:211,0
DA:212,0
DA:213,0
DA:215,0
DA:220,2
LF:67
LH:22
BRDA:29,0,0,0
BRDA:29,0,1,1
BRDA:39,1,0,1
BRDA:39,1,1,1
BRDA:53,2,0,1
BRDA:53,2,1,0
BRDA:63,3,0,1
BRDA:63,3,1,0
BRDA:72,4,0,1
BRDA:72,4,1,0
BRDA:99,5,0,0
BRDA:99,5,1,0
BRDA:106,6,0,0
BRDA:106,6,1,0
BRDA:111,7,0,0
BRDA:111,7,1,0
BRDA:123,8,0,0
BRDA:123,8,1,0
BRDA:148,9,0,0
BRDA:148,9,1,0
BRDA:162,10,0,0
BRDA:162,10,1,0
BRDA:181,11,0,0
BRDA:181,11,1,0
BRF:24
BRH:6
end_of_record
TN:
SF:src\controllers\authController.js
FN:4,(anonymous_0)
FN:21,(anonymous_1)
FN:39,(anonymous_2)
FNF:3
FNH:2
FNDA:2,(anonymous_0)
FNDA:2,(anonymous_1)
FNDA:0,(anonymous_2)
DA:1,3
DA:5,2
DA:6,2
DA:7,1
DA:17,1
DA:22,2
DA:23,2
DA:24,2
DA:25,1
DA:35,1
DA:40,0
DA:41,0
DA:50,0
DA:55,3
LF:14
LH:11
BRF:0
BRH:0
end_of_record
TN:
SF:src\controllers\inciController.js
FN:4,(anonymous_0)
FN:27,(anonymous_1)
FNF:2
FNH:1
FNDA:3,(anonymous_0)
FNDA:0,(anonymous_1)
DA:1,3
DA:2,3
DA:4,3
DA:5,3
DA:6,3
DA:8,3
DA:9,1
DA:13,2
DA:14,2
DA:16,2
DA:23,1
DA:25,1
DA:27,1
DA:28,0
DA:29,0
DA:30,0
DA:32,0
DA:39,1
DA:40,1
DA:46,0
DA:54,1
DA:62,3
LF:22
LH:17
BRDA:8,0,0,1
BRDA:8,0,1,2
BRDA:29,1,0,0
BRDA:29,1,1,0
BRDA:39,2,0,1
BRDA:39,2,1,0
BRF:6
BRH:3
end_of_record
TN:
SF:src\controllers\productController.js
FN:4,(anonymous_0)
FN:13,(anonymous_1)
FN:22,(anonymous_2)
FN:38,(anonymous_3)
FN:41,(anonymous_4)
FN:59,(anonymous_5)
FN:78,(anonymous_6)
FNF:7
FNH:7
FNDA:2,(anonymous_0)
FNDA:1,(anonymous_1)
FNDA:2,(anonymous_2)
FNDA:1,(anonymous_3)
FNDA:2,(anonymous_4)
FNDA:2,(anonymous_5)
FNDA:2,(anonymous_6)
DA:1,3
DA:5,2
DA:6,2
DA:7,1
DA:9,1
DA:14,1
DA:15,1
DA:16,1
DA:18,0
DA:23,2
DA:24,2
DA:25,2
DA:26,1
DA:28,1
DA:30,0
DA:39,1
DA:40,1
DA:41,2
DA:43,1
DA:45,1
DA:51,0
DA:60,2
DA:61,2
DA:62,2
DA:64,2
DA:70,0
DA:79,2
DA:80,2
DA:82,2
DA:83,1
DA:89,1
DA:91,1
DA:97,0
DA:102,3
LF:34
LH:29
BRDA:25,0,0,1
BRDA:25,0,1,1
BRDA:41,1,0,1
BRDA:41,1,1,0
BRDA:61,2,0,2
BRDA:61,2,1,1
BRDA:82,3,0,1
BRDA:82,3,1,1
BRF:8
BRH:7
end_of_record
TN:
SF:src\controllers\uploadController.js
FN:9,(anonymous_0)
FN:48,(anonymous_1)
FN:66,(anonymous_2)
FN:90,(anonymous_3)
FNF:4
FNH:4
FNDA:3,(anonymous_0)
FNDA:1,(anonymous_1)
FNDA:2,(anonymous_2)
FNDA:1,(anonymous_3)
DA:1,3
DA:2,3
DA:10,3
DA:11,3
DA:12,1
DA:19,2
DA:29,1
DA:40,1
DA:49,1
DA:50,1
DA:52,1
DA:58,0
DA:67,2
DA:68,2
DA:69,2
DA:71,1
DA:76,1
DA:77,1
DA:82,0
DA:91,1
DA:92,1
DA:94,1
DA:99,0
DA:104,3
LF:24
LH:21
BRDA:11,0,0,1
BRDA:11,0,1,2
BRDA:76,1,0,1
BRDA:76,1,1,0
BRF:4
BRH:3
end_of_record
TN:
SF:src\controllers\userController.js
FN:4,(anonymous_0)
FN:13,(anonymous_1)
FNF:2
FNH:2
FNDA:2,(anonymous_0)
FNDA:1,(anonymous_1)
DA:1,3
DA:5,2
DA:6,2
DA:7,1
DA:9,1
DA:14,1
DA:15,1
DA:16,1
DA:18,0
DA:23,3
LF:10
LH:9
BRF:0
BRH:0
end_of_record
TN:
SF:src\integrations\ml\inciClient.js
FN:47,(anonymous_0)
FN:82,(anonymous_1)
FN:128,(anonymous_2)
FN:129,(anonymous_3)
FNF:4
FNH:0
FNDA:0,(anonymous_0)
FNDA:0,(anonymous_1)
FNDA:0,(anonymous_2)
FNDA:0,(anonymous_3)
DA:1,2
DA:2,2
DA:5,2
DA:48,0
DA:50,0
DA:51,0
DA:52,0
DA:60,0
DA:62,0
DA:70,0
DA:73,0
DA:76,0
DA:79,0
DA:82,0
DA:83,0
DA:84,0
DA:85,0
DA:95,0
DA:96,0
DA:106,0
DA:116,0
DA:117,0
DA:129,0
DA:137,2
LF:24
LH:4
BRDA:50,0,0,0
BRDA:50,0,1,0
BRDA:73,1,0,0
BRDA:73,1,1,0
BRDA:76,2,0,0
BRDA:76,2,1,0
BRDA:84,3,0,0
BRDA:84,3,1,0
BRDA:87,4,0,0
BRDA:87,4,1,0
BRDA:88,5,0,0
BRDA:88,5,1,0
BRDA:89,6,0,0
BRDA:89,6,1,0
BRDA:95,7,0,0
BRDA:95,7,1,0
BRDA:95,8,0,0
BRDA:95,8,1,0
BRF:18
BRH:0
end_of_record
TN:
SF:src\integrations\ml\mlClient.js
FN:7,(anonymous_0)
FN:18,(anonymous_1)
FN:39,(anonymous_2)
FN:60,(anonymous_3)
FNF:4
FNH:2
FNDA:3,(anonymous_0)
FNDA:3,(anonymous_1)
FNDA:0,(anonymous_2)
FNDA:0,(anonymous_3)
DA:1,3
DA:2,3
DA:3,3
DA:4,3
DA:8,3
DA:9,3
DA:19,3
DA:20,3
DA:21,3
DA:23,3
DA:32,1
DA:34,2
DA:35,2
DA:40,0
DA:41,0
DA:42,0
DA:44,0
DA:53,0
DA:55,0
DA:56,0
DA:61,0
DA:62,0
DA:63,0
DA:65,0
DA:70,3
LF:25
LH:14
BRF:0
BRH:0
end_of_record
TN:
SF:src\middleware\authMiddleware.js
FN:4,(anonymous_0)
FNF:1
FNH:1
FNDA:4,(anonymous_0)
DA:1,2
DA:2,2
DA:4,2
DA:7,4
DA:11,2
DA:12,2
DA:13,2
DA:15,2
DA:17,2
DA:18,0
DA:21,2
DA:23,0
DA:24,0
DA:28,4
DA:29,2
DA:33,2
LF:16
LH:13
BRDA:7,0,0,2
BRDA:7,0,1,2
BRDA:8,1,0,4
BRDA:8,1,1,2
BRDA:17,2,0,0
BRDA:17,2,1,2
BRDA:28,3,0,2
BRDA:28,3,1,2
BRF:8
BRH:7
end_of_record
TN:
SF:src\middleware\cacheMiddleware.js
FN:9,(anonymous_0)
FN:10,(anonymous_1)
FN:40,(anonymous_2)
FN:43,(anonymous_3)
FN:63,(anonymous_4)
FN:64,(anonymous_5)
FN:78,(anonymous_6)
FNF:7
FNH:1
FNDA:10,(anonymous_0)
FNDA:0,(anonymous_1)
FNDA:0,(anonymous_2)
FNDA:0,(anonymous_3)
FNDA:0,(anonymous_4)
FNDA:0,(anonymous_5)
FNDA:0,(anonymous_6)
DA:1,2
DA:2,2
DA:9,2
DA:10,10
DA:12,0
DA:13,0
DA:16,0
DA:18,0
DA:23,0
DA:25,0
DA:26,0
DA:27,0
DA:34,0
DA:37,0
DA:40,0
DA:42,0
DA:43,0
DA:44,0
DA:49,0
DA:52,0
DA:54,0
DA:55,0
DA:63,2
DA:64,0
DA:65,0
DA:66,0
DA:67,0
DA:69,0
DA:71,0
DA:78,2
DA:79,0
DA:80,0
DA:81,0
DA:83,0
DA:87,2
LF:35
LH:7
BRDA:9,0,0,0
BRDA:9,1,0,10
BRDA:12,2,0,0
BRDA:12,2,1,0
BRDA:18,3,0,0
BRDA:18,3,1,0
BRDA:20,4,0,0
BRDA:20,4,1,0
BRDA:25,5,0,0
BRDA:25,5,1,0
BRDA:42,6,0,0
BRDA:42,6,1,0
BRDA:42,7,0,0
BRDA:42,7,1,0
BRF:14
BRH:1
end_of_record
TN:
SF:src\middleware\errorHandler.js
FN:3,(anonymous_0)
FNF:1
FNH:0
FNDA:0,(anonymous_0)
DA:1,2
DA:3,2
DA:4,0
DA:6,0
DA:7,0
DA:9,0
DA:16,2
LF:7
LH:3
BRDA:6,0,0,0
BRDA:6,0,1,0
BRDA:7,1,0,0
BRDA:7,1,1,0
BRDA:12,2,0,0
BRDA:12,2,1,0
BRF:6
BRH:0
end_of_record
TN:
SF:src\middleware\metricsMiddleware.js
FN:7,(anonymous_0)
FN:17,(anonymous_1)
FN:52,(anonymous_2)
FNF:3
FNH:3
FNDA:19,(anonymous_0)
FNDA:19,(anonymous_1)
FNDA:19,(anonymous_2)
DA:1,2
DA:2,2
DA:7,2
DA:8,19
DA:11,19
DA:14,19
DA:17,19
DA:19,19
DA:22,19
DA:27,19
DA:35,19
DA:38,19
DA:39,1
DA:43,19
DA:46,19
DA:52,2
DA:54,19
DA:56,19
DA:57,1
DA:61,2
LF:20
LH:20
BRDA:22,0,0,15
BRDA:22,0,1,4
BRDA:38,1,0,1
BRDA:38,1,1,18
BRDA:56,2,0,1
BRDA:56,2,1,18
BRF:6
BRH:6
end_of_record
TN:
SF:src\middleware\validateMiddleware.js
FN:1,(anonymous_0)
FN:1,(anonymous_1)
FN:4,(anonymous_2)
FNF:3
FNH:3
FNDA:10,(anonymous_0)
FNDA:10,(anonymous_1)
FNDA:20,(anonymous_2)
DA:1,10
DA:2,10
DA:3,10
DA:4,20
DA:5,10
DA:7,0
DA:10,2
LF:7
LH:6
BRDA:3,0,0,10
BRDA:3,0,1,0
BRF:2
BRH:1
end_of_record
TN:
SF:src\models\AnalysisHistory.js
FNF:0
FNH:0
DA:1,2
DA:2,2
DA:3,2
DA:5,2
DA:48,2
DA:49,2
DA:51,2
LF:7
LH:7
BRF:0
BRH:0
end_of_record
TN:
SF:src\models\ImageLog.js
FNF:0
FNH:0
DA:1,3
DA:3,3
DA:44,3
DA:45,3
DA:46,3
DA:47,3
DA:49,3
LF:7
LH:7
BRF:0
BRH:0
end_of_record
TN:
SF:src\models\User.js
FN:32,(anonymous_0)
FN:38,(anonymous_1)
FN:47,(anonymous_2)
FNF:3
FNH:1
FNDA:1,(anonymous_0)
FNDA:0,(anonymous_1)
FNDA:0,(anonymous_2)
DA:1,4
DA:2,4
DA:3,4
DA:5,4
DA:33,1
DA:34,1
DA:35,1
DA:39,0
DA:40,0
DA:41,0
DA:47,4
DA:48,0
DA:51,4
LF:13
LH:9
BRDA:33,0,0,1
BRDA:33,0,1,0
BRDA:39,1,0,0
BRDA:39,1,1,0
BRF:4
BRH:1
end_of_record
TN:
SF:src\routes\analysisRoutes.js
FNF:0
FNH:0
DA:1,2
DA:2,2
DA:3,2
DA:4,2
DA:5,2
DA:6,2
DA:8,2
DA:10,2
DA:38,2
DA:52,2
DA:72,2
DA:92,2
DA:106,2
DA:129,2
DA:152,2
DA:154,2
LF:16
LH:16
BRF:0
BRH:0
end_of_record
TN:
SF:src\routes\authRoutes.js
FNF:0
FNH:0
DA:1,2
DA:2,2
DA:3,2
DA:4,2
DA:5,2
DA:7,2
DA:38,2
DA:66,2
DA:80,2
DA:82,2
LF:10
LH:10
BRF:0
BRH:0
end_of_record
TN:
SF:src\routes\inciRoutes.js
FN:25,(anonymous_0)
FNF:1
FNH:0
FNDA:0,(anonymous_0)
DA:1,2
DA:2,2
DA:3,2
DA:4,2
DA:25,2
DA:26,0
DA:27,0
DA:28,0
DA:30,0
DA:32,0
DA:60,2
DA:62,2
LF:12
LH:7
BRF:0
BRH:0
end_of_record
TN:
SF:src\routes\monitoringRoutes.js
FN:17,(anonymous_0)
FN:38,(anonymous_1)
FN:101,(anonymous_2)
FN:121,(anonymous_3)
FNF:4
FNH:0
FNDA:0,(anonymous_0)
FNDA:0,(anonymous_1)
FNDA:0,(anonymous_2)
FNDA:0,(anonymous_3)
DA:1,2
DA:2,2
DA:3,2
DA:5,2
DA:17,2
DA:18,0
DA:19,0
DA:20,0
DA:21,0
DA:23,0
DA:24,0
DA:38,2
DA:39,0
DA:53,0
DA:54,0
DA:55,0
DA:56,0
DA:58,0
DA:59,0
DA:62,0
DA:63,0
DA:64,0
DA:69,0
DA:76,0
DA:77,0
DA:78,0
DA:82,0
DA:85,0
DA:86,0
DA:101,2
DA:102,0
DA:103,0
DA:104,0
DA:105,0
DA:107,0
DA:121,2
DA:122,0
DA:125,2
LF:38
LH:9
BRDA:43,0,0,0
BRDA:43,0,1,0
BRDA:66,1,0,0
BRDA:66,1,1,0
BRDA:79,2,0,0
BRDA:79,2,1,0
BRDA:85,3,0,0
BRDA:85,3,1,0
BRF:8
BRH:0
end_of_record
TN:
SF:src\routes\productRoutes.js
FNF:0
FNH:0
DA:1,2
DA:2,2
DA:3,2
DA:4,2
DA:5,2
DA:6,2
DA:8,2
DA:20,2
DA:38,2
DA:55,2
DA:73,2
DA:93,2
DA:128,2
DA:130,2
LF:14
LH:14
BRF:0
BRH:0
end_of_record
TN:
SF:src\routes\uploadRoutes.js
FNF:0
FNH:0
DA:1,2
DA:2,2
DA:3,2
DA:4,2
DA:6,2
DA:9,2
DA:32,2
DA:46,2
DA:60,2
DA:80,2
DA:82,2
LF:11
LH:11
BRF:0
BRH:0
end_of_record
TN:
SF:src\routes\userRoutes.js
FNF:0
FNH:0
DA:1,2
DA:2,2
DA:3,2
DA:4,2
DA:5,2
DA:7,2
DA:9,2
DA:11,2
DA:12,2
DA:14,2
LF:10
LH:10
BRF:0
BRH:0
end_of_record
TN:
SF:src\services\analysisService.js
FN:5,(anonymous_0)
FN:23,(anonymous_1)
FN:30,(anonymous_2)
FN:40,(anonymous_3)
FN:50,(anonymous_4)
FN:66,(anonymous_5)
FNF:6
FNH:3
FNDA:1,(anonymous_0)
FNDA:1,(anonymous_1)
FNDA:0,(anonymous_2)
FNDA:0,(anonymous_3)
FNDA:0,(anonymous_4)
FNDA:1,(anonymous_5)
DA:1,2
DA:2,2
DA:7,1
DA:14,1
DA:20,1
DA:24,1
DA:31,0
DA:34,0
DA:35,0
DA:37,0
DA:41,0
DA:44,0
DA:45,0
DA:47,0
DA:51,0
DA:57,0
DA:67,1
DA:68,1
DA:75,1
DA:80,2
LF:20
LH:10
BRDA:34,0,0,0
BRDA:34,0,1,0
BRDA:44,1,0,0
BRDA:44,1,1,0
BRDA:72,2,0,1
BRDA:72,2,1,0
BRF:6
BRH:1
end_of_record
TN:
SF:src\services\authService.js
FN:5,(anonymous_0)
FN:17,(anonymous_1)
FNF:2
FNH:0
FNDA:0,(anonymous_0)
FNDA:0,(anonymous_1)
DA:1,3
DA:2,3
DA:6,0
DA:7,0
DA:8,0
DA:11,0
DA:12,0
DA:14,0
DA:18,0
DA:19,0
DA:20,0
DA:23,0
DA:24,0
DA:28,3
LF:14
LH:3
BRDA:7,0,0,0
BRDA:7,0,1,0
BRDA:19,1,0,0
BRDA:19,1,1,0
BRDA:19,2,0,0
BRDA:19,2,1,0
BRF:6
BRH:0
end_of_record
TN:
SF:src\services\imageService.js
FN:9,(anonymous_0)
FN:23,(anonymous_1)
FN:38,(anonymous_2)
FN:68,(anonymous_3)
FN:80,(anonymous_4)
FNF:5
FNH:0
FNDA:0,(anonymous_0)
FNDA:0,(anonymous_1)
FNDA:0,(anonymous_2)
FNDA:0,(anonymous_3)
FNDA:0,(anonymous_4)
DA:1,3
DA:2,3
DA:3,3
DA:10,0
DA:11,0
DA:14,0
DA:16,0
DA:24,0
DA:25,0
DA:26,0
DA:27,0
DA:29,0
DA:31,0
DA:39,0
DA:40,0
DA:42,0
DA:43,0
DA:47,0
DA:48,0
DA:49,0
DA:50,0
DA:52,0
DA:57,0
DA:59,0
DA:61,0
DA:69,0
DA:70,0
DA:71,0
DA:73,0
DA:81,0
DA:82,0
DA:83,0
DA:87,0
DA:92,0
DA:97,3
LF:35
LH:4
BRDA:26,0,0,0
BRDA:26,0,1,0
BRDA:42,1,0,0
BRDA:42,1,1,0
BRDA:47,2,0,0
BRDA:47,2,1,0
BRF:6
BRH:0
end_of_record
TN:
SF:src\services\productService.js
FN:7,(anonymous_0)
FN:15,(anonymous_1)
FN:31,(anonymous_2)
FN:36,(anonymous_3)
FN:42,(anonymous_4)
FN:49,(anonymous_5)
FN:60,(anonymous_6)
FN:78,(anonymous_7)
FN:97,(anonymous_8)
FN:117,(anonymous_9)
FN:118,(anonymous_10)
FN:129,(anonymous_11)
FN:142,(anonymous_12)
FN:149,(anonymous_13)
FN:150,(anonymous_14)
FN:161,(anonymous_15)
FN:198,(anonymous_16)
FN:205,(anonymous_17)
FNF:18
FNH:13
FNDA:4,(anonymous_0)
FNDA:20,(anonymous_1)
FNDA:0,(anonymous_2)
FNDA:0,(anonymous_3)
FNDA:0,(anonymous_4)
FNDA:0,(anonymous_5)
FNDA:5,(anonymous_6)
FNDA:3,(anonymous_7)
FNDA:3,(anonymous_8)
FNDA:18,(anonymous_9)
FNDA:63,(anonymous_10)
FNDA:4,(anonymous_11)
FNDA:96,(anonymous_12)
FNDA:2,(anonymous_13)
FNDA:3,(anonymous_14)
FNDA:0,(anonymous_15)
FNDA:1,(anonymous_16)
FNDA:1,(anonymous_17)
DA:1,4
DA:2,4
DA:3,4
DA:4,4
DA:8,4
DA:9,4
DA:16,20
DA:17,20
DA:18,20
DA:19,20
DA:20,20
DA:22,0
DA:23,0
DA:32,0
DA:35,0
DA:36,0
DA:37,0
DA:41,0
DA:42,0
DA:43,0
DA:48,0
DA:49,0
DA:52,0
DA:61,5
DA:64,5
DA:65,0
DA:69,5
DA:70,5
DA:79,3
DA:82,3
DA:83,0
DA:87,3
DA:88,3
DA:98,3
DA:99,3
DA:102,3
DA:103,0
DA:110,3
DA:111,3
DA:114,3
DA:117,3
DA:118,63
DA:121,3
DA:131,4
DA:132,0
DA:136,4
DA:141,4
DA:142,4
DA:143,96
DA:149,4
DA:150,3
DA:153,4
DA:162,0
DA:163,0
DA:175,0
DA:177,0
DA:178,0
DA:181,0
DA:182,0
DA:183,0
DA:184,0
DA:185,0
DA:186,0
DA:187,0
DA:188,0
DA:191,0
DA:199,1
DA:206,1
DA:210,4
LF:69
LH:39
BRDA:31,0,0,0
BRDA:35,1,0,0
BRDA:35,1,1,0
BRDA:41,2,0,0
BRDA:41,2,1,0
BRDA:60,3,0,0
BRDA:64,4,0,0
BRDA:64,4,1,5
BRDA:64,5,0,5
BRDA:64,5,1,0
BRDA:64,5,2,0
BRDA:69,6,0,5
BRDA:69,6,1,1
BRDA:78,7,0,0
BRDA:82,8,0,0
BRDA:82,8,1,3
BRDA:82,9,0,3
BRDA:82,9,1,0
BRDA:82,9,2,0
BRDA:87,10,0,3
BRDA:87,10,1,1
BRDA:97,11,0,0
BRDA:102,12,0,0
BRDA:102,12,1,3
BRDA:102,13,0,3
BRDA:102,13,1,0
BRDA:102,13,2,0
BRDA:110,14,0,3
BRDA:110,14,1,0
BRDA:111,15,0,3
BRDA:111,15,1,0
BRDA:129,16,0,0
BRDA:131,17,0,0
BRDA:131,17,1,4
BRDA:131,18,0,4
BRDA:131,18,1,0
BRDA:131,18,2,0
BRDA:143,19,0,96
BRDA:143,19,1,96
BRDA:143,19,2,94
BRDA:175,20,0,0
BRDA:175,20,1,0
BRDA:181,21,0,0
BRDA:181,21,1,0
BRDA:181,22,0,0
BRDA:181,22,1,0
BRDA:183,23,0,0
BRDA:183,23,1,0
BRDA:185,24,0,0
BRDA:185,24,1,0
BRDA:187,25,0,0
BRDA:187,25,1,0
BRF:52
BRH:17
end_of_record
TN:
SF:src\services\userService.js
FN:4,(anonymous_0)
FN:14,(anonymous_1)
FNF:2
FNH:0
FNDA:0,(anonymous_0)
FNDA:0,(anonymous_1)
DA:1,3
DA:5,0
DA:8,0
DA:9,0
DA:11,0
DA:15,0
DA:16,0
DA:17,0
DA:20,0
DA:21,0
DA:25,3
LF:11
LH:2
BRDA:8,0,0,0
BRDA:8,0,1,0
BRDA:16,1,0,0
BRDA:16,1,1,0
BRF:4
BRH:0
end_of_record
TN:
SF:src\utils\jwt.js
FN:4,(anonymous_0)
FN:10,(anonymous_1)
FNF:2
FNH:1
FNDA:0,(anonymous_0)
FNDA:2,(anonymous_1)
DA:1,3
DA:2,3
DA:4,3
DA:5,0
DA:10,3
DA:11,2
DA:14,3
LF:7
LH:6
BRF:0
BRH:0
end_of_record
TN:
SF:src\utils\logger.js
FNF:0
FNH:0
DA:1,2
DA:2,2
DA:4,2
DA:16,2
DA:17,2
DA:27,2
LF:6
LH:6
BRDA:5,0,0,0
BRDA:5,0,1,2
BRDA:16,1,0,2
BRDA:16,1,1,0
BRF:4
BRH:2
end_of_record
TN:
SF:src\utils\uploader.js
FN:12,(anonymous_0)
FN:15,(anonymous_1)
FN:21,(anonymous_2)
FNF:3
FNH:3
FNDA:1,(anonymous_0)
FNDA:1,(anonymous_1)
FNDA:1,(anonymous_2)
DA:1,3
DA:2,3
DA:3,3
DA:6,3
DA:7,3
DA:8,0
DA:11,3
DA:13,1
DA:16,1
DA:17,1
DA:21,3
DA:22,1
DA:23,1
DA:25,0
DA:29,3
DA:37,3
LF:16
LH:14
BRDA:7,0,0,0
BRDA:7,0,1,3
BRDA:22,1,0,1
BRDA:22,1,1,0
BRF:4
BRH:2
end_of_record
TN:
SF:src\validators\analysisValidator.js
FNF:0
FNH:0
DA:1,2
DA:3,2
DA:14,2
LF:3
LH:3
BRF:0
BRH:0
end_of_record
TN:
SF:src\validators\authValidator.js
FNF:0
FNH:0
DA:1,2
DA:3,2
DA:9,2
DA:14,2
LF:4
LH:4
BRF:0
BRH:0
end_of_record
TN:
SF:src\validators\productValidator.js
FNF:0
FNH:0
DA:1,2
DA:3,2
DA:14,2
DA:25,2
LF:4
LH:4
BRF:0
BRH:0
end_of_record
TN:
SF:src\validators\userValidator.js
FNF:0
FNH:0
DA:1,2
DA:3,2
DA:8,2
DA:13,2
LF:4
LH:4
BRF:0
BRH:0
end_of_record
